starting gRPC server on haomiao-yx.com:4004
online gRPC server is running on: haomiao-yx.com:4004
2024-10-27T18:05:02.361+0800	logger/logger.go:67	starting gRPC server on haomiao-yx.com:4004
2024-10-27T18:05:02.370+0800	logger/logger.go:67	online gRPC server is running on: haomiao-yx.com:4004
starting gRPC server on haomiao-yx.com:4004
online gRPC server is running on: haomiao-yx.com:4004
2024-10-27T18:13:45.815+0800	online/online_server.go:88	starting gRPC server on haomiao-yx.com:4004
2024-10-27T18:13:45.821+0800	online/online_server.go:123	online gRPC server is running on: haomiao-yx.com:4004
2024-10-27T18:14:35.551+0800	online/online_server.go:88	starting gRPC server on haomiao-yx.com:4004
2024-10-27T18:14:35.558+0800	online/online_server.go:123	online gRPC server is running on: haomiao-yx.com:4004
2024-10-27T18:25:17.700+0800	online/online_server.go:88	starting gRPC server on haomiao-yx.com:4004
2024-10-27T18:25:17.706+0800	online/online_server.go:123	online gRPC server is running on: haomiao-yx.com:4004
2024-10-27T18:25:58.768+0800	online/online_server.go:88	starting gRPC server on haomiao-yx.com:4004
2024-10-27T18:25:58.773+0800	online/online_server.go:123	online gRPC server is running on: haomiao-yx.com:4004
2024-10-30T11:01:25.545+0800	online/online_server.go:88	starting gRPC server on haomiao-yx.com:4004
2024-10-30T11:01:25.553+0800	online/online_server.go:123	online gRPC server is running on: haomiao-yx.com:4004
2024-10-30T11:02:55.319+0800	online/online_server.go:88	starting gRPC server on haomiao-yx.com:4004
2024-10-30T11:02:55.328+0800	online/online_server.go:123	online gRPC server is running on: haomiao-yx.com:4004
2024-10-30T11:10:11.581+0800	online/online_server.go:88	starting gRPC server on haomiao-yx.com:4004
2024-10-30T11:10:11.590+0800	online/online_server.go:123	online gRPC server is running on: haomiao-yx.com:4004
2024-10-31T11:16:14.388+0800	online/online_server.go:86	Failed to listen: listen tcp 192.168.0.109:4004: bind: can't assign requested address
2024-10-31T11:16:43.311+0800	online/online_server.go:88	starting gRPC server on haomiao-yx.com:4004
2024-10-31T11:16:43.333+0800	online/online_server.go:123	online gRPC server is running on: haomiao-yx.com:4004
2024-10-31T11:16:45.453+0800	online/online_server.go:88	starting gRPC server on haomiao-yx.com:4004
2024-10-31T11:16:45.461+0800	online/online_server.go:123	online gRPC server is running on: haomiao-yx.com:4004
2024-10-31T11:26:56.402+0800	online/online_server.go:88	starting gRPC server on haomiao-yx.com:4004
2024-10-31T11:26:56.412+0800	online/online_server.go:123	online gRPC server is running on: haomiao-yx.com:4004
